<?xml version="1.0" encoding="UTF-8"?>
<!-- Generated by org.testng.reporters.JUnitReportReporter -->
<testsuite hostname="Keshri" failures="0" tests="1" name="practice.ReadDatafromCmdLine" time="0.012" errors="0" timestamp="2024-01-23T11:26:49 IST" skipped="0">
  <testcase classname="practice.ReadDatafromCmdLine" name="readRuntimeData" time="0.012"/>
  <system-out/>
</testsuite> <!-- practice.ReadDatafromCmdLine -->
