<?xml version="1.0" encoding="UTF-8"?>
<!-- Generated by org.testng.reporters.JUnitReportReporter -->
<testsuite hostname="Keshri" failures="0" tests="2" name="aarohi.ContactTests.TC_01Test" time="29.650" errors="0" timestamp="2024-01-23T14:26:24 IST" skipped="0">
  <testcase classname="aarohi.ContactTests.TC_01Test" name="TC_01" time="24.081"/>
  <system-out/>
  <testcase classname="aarohi.ContactTests.TC_01Test" name="demo" time="5.569"/>
  <system-out/>
</testsuite> <!-- aarohi.ContactTests.TC_01Test -->
